2025-06-23 02:39:45,444 - bot.utils.config - ERROR - Configuration error: Missing required environment variables: AUTHORIZED_USER
2025-06-23 02:40:11,453 - bot.utils.config - INFO - Configuration validated successfully
2025-06-23 02:40:11,550 - bot.utils.config - INFO - Bot handlers registered successfully
2025-06-23 02:40:11,551 - bot.utils.config - INFO - Environment: DEV
2025-06-23 02:40:11,551 - bot.utils.config - INFO - Authorized users: 1
2025-06-23 02:40:11,553 - bot.utils.config - INFO - Starting Telegram bot...
2025-06-23 02:40:12,113 - httpx - INFO - HTTP Request: POST https://api.telegram.org/bot7654469359:AAG1GvNUZwUD-RQfKYP9u2gm6j0BvtqHKT4/getMe "HTTP/1.1 200 OK"
2025-06-23 02:40:12,272 - httpx - INFO - HTTP Request: POST https://api.telegram.org/bot7654469359:AAG1GvNUZwUD-RQfKYP9u2gm6j0BvtqHKT4/deleteWebhook "HTTP/1.1 200 OK"
2025-06-23 02:40:12,274 - telegram.ext.Application - INFO - Application started
2025-06-23 02:40:12,762 - httpx - INFO - HTTP Request: POST https://api.telegram.org/bot7654469359:AAG1GvNUZwUD-RQfKYP9u2gm6j0BvtqHKT4/getUpdates "HTTP/1.1 200 OK"
2025-06-23 02:40:13,117 - httpx - INFO - HTTP Request: POST https://api.telegram.org/bot7654469359:AAG1GvNUZwUD-RQfKYP9u2gm6j0BvtqHKT4/sendMessage "HTTP/1.1 200 OK"
2025-06-23 02:40:22,934 - httpx - INFO - HTTP Request: POST https://api.telegram.org/bot7654469359:AAG1GvNUZwUD-RQfKYP9u2gm6j0BvtqHKT4/getUpdates "HTTP/1.1 200 OK"
2025-06-23 02:40:31,376 - httpx - INFO - HTTP Request: POST https://api.telegram.org/bot7654469359:AAG1GvNUZwUD-RQfKYP9u2gm6j0BvtqHKT4/getUpdates "HTTP/1.1 200 OK"
2025-06-23 02:40:31,377 - bot.utils.config - INFO - Start command received from user Son (ID: 5005604119)
2025-06-23 02:40:32,048 - httpx - INFO - HTTP Request: POST https://api.telegram.org/bot7654469359:AAG1GvNUZwUD-RQfKYP9u2gm6j0BvtqHKT4/sendMessage "HTTP/1.1 200 OK"
2025-06-23 02:40:32,049 - bot.utils.config - INFO - Welcome message sent to authorized user Son
2025-06-23 02:40:39,664 - httpx - INFO - HTTP Request: POST https://api.telegram.org/bot7654469359:AAG1GvNUZwUD-RQfKYP9u2gm6j0BvtqHKT4/getUpdates "HTTP/1.1 200 OK"
2025-06-23 02:40:40,327 - httpx - INFO - HTTP Request: POST https://api.telegram.org/bot7654469359:AAG1GvNUZwUD-RQfKYP9u2gm6j0BvtqHKT4/sendMessage "HTTP/1.1 200 OK"
2025-06-23 02:40:49,828 - httpx - INFO - HTTP Request: POST https://api.telegram.org/bot7654469359:AAG1GvNUZwUD-RQfKYP9u2gm6j0BvtqHKT4/getUpdates "HTTP/1.1 200 OK"
2025-06-23 02:40:59,990 - httpx - INFO - HTTP Request: POST https://api.telegram.org/bot7654469359:AAG1GvNUZwUD-RQfKYP9u2gm6j0BvtqHKT4/getUpdates "HTTP/1.1 200 OK"
2025-06-23 02:41:10,151 - httpx - INFO - HTTP Request: POST https://api.telegram.org/bot7654469359:AAG1GvNUZwUD-RQfKYP9u2gm6j0BvtqHKT4/getUpdates "HTTP/1.1 200 OK"
2025-06-23 02:41:20,317 - httpx - INFO - HTTP Request: POST https://api.telegram.org/bot7654469359:AAG1GvNUZwUD-RQfKYP9u2gm6j0BvtqHKT4/getUpdates "HTTP/1.1 200 OK"
2025-06-23 02:41:30,476 - httpx - INFO - HTTP Request: POST https://api.telegram.org/bot7654469359:AAG1GvNUZwUD-RQfKYP9u2gm6j0BvtqHKT4/getUpdates "HTTP/1.1 200 OK"
2025-06-23 02:41:40,637 - httpx - INFO - HTTP Request: POST https://api.telegram.org/bot7654469359:AAG1GvNUZwUD-RQfKYP9u2gm6j0BvtqHKT4/getUpdates "HTTP/1.1 200 OK"
2025-06-23 02:41:50,800 - httpx - INFO - HTTP Request: POST https://api.telegram.org/bot7654469359:AAG1GvNUZwUD-RQfKYP9u2gm6j0BvtqHKT4/getUpdates "HTTP/1.1 200 OK"
2025-06-23 02:42:00,960 - httpx - INFO - HTTP Request: POST https://api.telegram.org/bot7654469359:AAG1GvNUZwUD-RQfKYP9u2gm6j0BvtqHKT4/getUpdates "HTTP/1.1 200 OK"
2025-06-23 02:42:11,119 - httpx - INFO - HTTP Request: POST https://api.telegram.org/bot7654469359:AAG1GvNUZwUD-RQfKYP9u2gm6j0BvtqHKT4/getUpdates "HTTP/1.1 200 OK"
2025-06-23 02:42:21,282 - httpx - INFO - HTTP Request: POST https://api.telegram.org/bot7654469359:AAG1GvNUZwUD-RQfKYP9u2gm6j0BvtqHKT4/getUpdates "HTTP/1.1 200 OK"
2025-06-23 02:42:31,446 - httpx - INFO - HTTP Request: POST https://api.telegram.org/bot7654469359:AAG1GvNUZwUD-RQfKYP9u2gm6j0BvtqHKT4/getUpdates "HTTP/1.1 200 OK"
2025-06-23 02:42:41,614 - httpx - INFO - HTTP Request: POST https://api.telegram.org/bot7654469359:AAG1GvNUZwUD-RQfKYP9u2gm6j0BvtqHKT4/getUpdates "HTTP/1.1 200 OK"
2025-06-23 02:42:51,781 - httpx - INFO - HTTP Request: POST https://api.telegram.org/bot7654469359:AAG1GvNUZwUD-RQfKYP9u2gm6j0BvtqHKT4/getUpdates "HTTP/1.1 200 OK"
2025-06-23 02:43:01,942 - httpx - INFO - HTTP Request: POST https://api.telegram.org/bot7654469359:AAG1GvNUZwUD-RQfKYP9u2gm6j0BvtqHKT4/getUpdates "HTTP/1.1 200 OK"
2025-06-23 02:43:12,102 - httpx - INFO - HTTP Request: POST https://api.telegram.org/bot7654469359:AAG1GvNUZwUD-RQfKYP9u2gm6j0BvtqHKT4/getUpdates "HTTP/1.1 200 OK"
2025-06-23 02:43:22,264 - httpx - INFO - HTTP Request: POST https://api.telegram.org/bot7654469359:AAG1GvNUZwUD-RQfKYP9u2gm6j0BvtqHKT4/getUpdates "HTTP/1.1 200 OK"
2025-06-23 02:43:32,423 - httpx - INFO - HTTP Request: POST https://api.telegram.org/bot7654469359:AAG1GvNUZwUD-RQfKYP9u2gm6j0BvtqHKT4/getUpdates "HTTP/1.1 200 OK"
2025-06-23 02:43:42,586 - httpx - INFO - HTTP Request: POST https://api.telegram.org/bot7654469359:AAG1GvNUZwUD-RQfKYP9u2gm6j0BvtqHKT4/getUpdates "HTTP/1.1 200 OK"
2025-06-23 02:43:52,746 - httpx - INFO - HTTP Request: POST https://api.telegram.org/bot7654469359:AAG1GvNUZwUD-RQfKYP9u2gm6j0BvtqHKT4/getUpdates "HTTP/1.1 200 OK"
2025-06-23 02:44:02,907 - httpx - INFO - HTTP Request: POST https://api.telegram.org/bot7654469359:AAG1GvNUZwUD-RQfKYP9u2gm6j0BvtqHKT4/getUpdates "HTTP/1.1 200 OK"
2025-06-23 02:44:13,068 - httpx - INFO - HTTP Request: POST https://api.telegram.org/bot7654469359:AAG1GvNUZwUD-RQfKYP9u2gm6j0BvtqHKT4/getUpdates "HTTP/1.1 200 OK"
2025-06-23 02:44:23,230 - httpx - INFO - HTTP Request: POST https://api.telegram.org/bot7654469359:AAG1GvNUZwUD-RQfKYP9u2gm6j0BvtqHKT4/getUpdates "HTTP/1.1 200 OK"
2025-06-23 02:44:33,390 - httpx - INFO - HTTP Request: POST https://api.telegram.org/bot7654469359:AAG1GvNUZwUD-RQfKYP9u2gm6j0BvtqHKT4/getUpdates "HTTP/1.1 200 OK"
2025-06-23 02:44:43,552 - httpx - INFO - HTTP Request: POST https://api.telegram.org/bot7654469359:AAG1GvNUZwUD-RQfKYP9u2gm6j0BvtqHKT4/getUpdates "HTTP/1.1 200 OK"
2025-06-23 02:44:53,716 - httpx - INFO - HTTP Request: POST https://api.telegram.org/bot7654469359:AAG1GvNUZwUD-RQfKYP9u2gm6j0BvtqHKT4/getUpdates "HTTP/1.1 200 OK"
2025-06-23 02:45:03,878 - httpx - INFO - HTTP Request: POST https://api.telegram.org/bot7654469359:AAG1GvNUZwUD-RQfKYP9u2gm6j0BvtqHKT4/getUpdates "HTTP/1.1 200 OK"
2025-06-23 02:45:14,038 - httpx - INFO - HTTP Request: POST https://api.telegram.org/bot7654469359:AAG1GvNUZwUD-RQfKYP9u2gm6j0BvtqHKT4/getUpdates "HTTP/1.1 200 OK"
2025-06-23 02:45:24,198 - httpx - INFO - HTTP Request: POST https://api.telegram.org/bot7654469359:AAG1GvNUZwUD-RQfKYP9u2gm6j0BvtqHKT4/getUpdates "HTTP/1.1 200 OK"
2025-06-23 02:45:34,362 - httpx - INFO - HTTP Request: POST https://api.telegram.org/bot7654469359:AAG1GvNUZwUD-RQfKYP9u2gm6j0BvtqHKT4/getUpdates "HTTP/1.1 200 OK"
2025-06-23 02:45:44,521 - httpx - INFO - HTTP Request: POST https://api.telegram.org/bot7654469359:AAG1GvNUZwUD-RQfKYP9u2gm6j0BvtqHKT4/getUpdates "HTTP/1.1 200 OK"
2025-06-23 02:45:54,684 - httpx - INFO - HTTP Request: POST https://api.telegram.org/bot7654469359:AAG1GvNUZwUD-RQfKYP9u2gm6j0BvtqHKT4/getUpdates "HTTP/1.1 200 OK"
2025-06-23 02:46:04,844 - httpx - INFO - HTTP Request: POST https://api.telegram.org/bot7654469359:AAG1GvNUZwUD-RQfKYP9u2gm6j0BvtqHKT4/getUpdates "HTTP/1.1 200 OK"
2025-06-23 02:46:15,003 - httpx - INFO - HTTP Request: POST https://api.telegram.org/bot7654469359:AAG1GvNUZwUD-RQfKYP9u2gm6j0BvtqHKT4/getUpdates "HTTP/1.1 200 OK"
2025-06-23 02:46:25,162 - httpx - INFO - HTTP Request: POST https://api.telegram.org/bot7654469359:AAG1GvNUZwUD-RQfKYP9u2gm6j0BvtqHKT4/getUpdates "HTTP/1.1 200 OK"
2025-06-23 02:46:35,322 - httpx - INFO - HTTP Request: POST https://api.telegram.org/bot7654469359:AAG1GvNUZwUD-RQfKYP9u2gm6j0BvtqHKT4/getUpdates "HTTP/1.1 200 OK"
2025-06-23 02:46:45,487 - httpx - INFO - HTTP Request: POST https://api.telegram.org/bot7654469359:AAG1GvNUZwUD-RQfKYP9u2gm6j0BvtqHKT4/getUpdates "HTTP/1.1 200 OK"
2025-06-23 02:46:55,647 - httpx - INFO - HTTP Request: POST https://api.telegram.org/bot7654469359:AAG1GvNUZwUD-RQfKYP9u2gm6j0BvtqHKT4/getUpdates "HTTP/1.1 200 OK"
2025-06-23 02:47:05,831 - httpx - INFO - HTTP Request: POST https://api.telegram.org/bot7654469359:AAG1GvNUZwUD-RQfKYP9u2gm6j0BvtqHKT4/getUpdates "HTTP/1.1 200 OK"
2025-06-23 02:47:15,990 - httpx - INFO - HTTP Request: POST https://api.telegram.org/bot7654469359:AAG1GvNUZwUD-RQfKYP9u2gm6j0BvtqHKT4/getUpdates "HTTP/1.1 200 OK"
2025-06-23 02:47:26,154 - httpx - INFO - HTTP Request: POST https://api.telegram.org/bot7654469359:AAG1GvNUZwUD-RQfKYP9u2gm6j0BvtqHKT4/getUpdates "HTTP/1.1 200 OK"
2025-06-23 02:47:36,313 - httpx - INFO - HTTP Request: POST https://api.telegram.org/bot7654469359:AAG1GvNUZwUD-RQfKYP9u2gm6j0BvtqHKT4/getUpdates "HTTP/1.1 200 OK"
2025-06-23 02:47:46,475 - httpx - INFO - HTTP Request: POST https://api.telegram.org/bot7654469359:AAG1GvNUZwUD-RQfKYP9u2gm6j0BvtqHKT4/getUpdates "HTTP/1.1 200 OK"
2025-06-23 02:47:56,637 - httpx - INFO - HTTP Request: POST https://api.telegram.org/bot7654469359:AAG1GvNUZwUD-RQfKYP9u2gm6j0BvtqHKT4/getUpdates "HTTP/1.1 200 OK"
2025-06-23 02:48:06,797 - httpx - INFO - HTTP Request: POST https://api.telegram.org/bot7654469359:AAG1GvNUZwUD-RQfKYP9u2gm6j0BvtqHKT4/getUpdates "HTTP/1.1 200 OK"
2025-06-23 02:48:16,962 - httpx - INFO - HTTP Request: POST https://api.telegram.org/bot7654469359:AAG1GvNUZwUD-RQfKYP9u2gm6j0BvtqHKT4/getUpdates "HTTP/1.1 200 OK"
2025-06-23 02:48:27,123 - httpx - INFO - HTTP Request: POST https://api.telegram.org/bot7654469359:AAG1GvNUZwUD-RQfKYP9u2gm6j0BvtqHKT4/getUpdates "HTTP/1.1 200 OK"
2025-06-23 02:48:37,284 - httpx - INFO - HTTP Request: POST https://api.telegram.org/bot7654469359:AAG1GvNUZwUD-RQfKYP9u2gm6j0BvtqHKT4/getUpdates "HTTP/1.1 200 OK"
2025-06-23 02:48:47,446 - httpx - INFO - HTTP Request: POST https://api.telegram.org/bot7654469359:AAG1GvNUZwUD-RQfKYP9u2gm6j0BvtqHKT4/getUpdates "HTTP/1.1 200 OK"
2025-06-23 02:48:57,609 - httpx - INFO - HTTP Request: POST https://api.telegram.org/bot7654469359:AAG1GvNUZwUD-RQfKYP9u2gm6j0BvtqHKT4/getUpdates "HTTP/1.1 200 OK"
2025-06-23 02:49:07,771 - httpx - INFO - HTTP Request: POST https://api.telegram.org/bot7654469359:AAG1GvNUZwUD-RQfKYP9u2gm6j0BvtqHKT4/getUpdates "HTTP/1.1 200 OK"
2025-06-23 02:49:17,937 - httpx - INFO - HTTP Request: POST https://api.telegram.org/bot7654469359:AAG1GvNUZwUD-RQfKYP9u2gm6j0BvtqHKT4/getUpdates "HTTP/1.1 200 OK"
2025-06-23 02:49:28,102 - httpx - INFO - HTTP Request: POST https://api.telegram.org/bot7654469359:AAG1GvNUZwUD-RQfKYP9u2gm6j0BvtqHKT4/getUpdates "HTTP/1.1 200 OK"
2025-06-23 02:49:38,278 - httpx - INFO - HTTP Request: POST https://api.telegram.org/bot7654469359:AAG1GvNUZwUD-RQfKYP9u2gm6j0BvtqHKT4/getUpdates "HTTP/1.1 200 OK"
2025-06-23 02:49:48,438 - httpx - INFO - HTTP Request: POST https://api.telegram.org/bot7654469359:AAG1GvNUZwUD-RQfKYP9u2gm6j0BvtqHKT4/getUpdates "HTTP/1.1 200 OK"
2025-06-23 02:49:58,599 - httpx - INFO - HTTP Request: POST https://api.telegram.org/bot7654469359:AAG1GvNUZwUD-RQfKYP9u2gm6j0BvtqHKT4/getUpdates "HTTP/1.1 200 OK"
2025-06-23 02:50:08,762 - httpx - INFO - HTTP Request: POST https://api.telegram.org/bot7654469359:AAG1GvNUZwUD-RQfKYP9u2gm6j0BvtqHKT4/getUpdates "HTTP/1.1 200 OK"
2025-06-23 02:50:18,922 - httpx - INFO - HTTP Request: POST https://api.telegram.org/bot7654469359:AAG1GvNUZwUD-RQfKYP9u2gm6j0BvtqHKT4/getUpdates "HTTP/1.1 200 OK"
2025-06-23 02:50:29,083 - httpx - INFO - HTTP Request: POST https://api.telegram.org/bot7654469359:AAG1GvNUZwUD-RQfKYP9u2gm6j0BvtqHKT4/getUpdates "HTTP/1.1 200 OK"
2025-06-23 02:50:39,244 - httpx - INFO - HTTP Request: POST https://api.telegram.org/bot7654469359:AAG1GvNUZwUD-RQfKYP9u2gm6j0BvtqHKT4/getUpdates "HTTP/1.1 200 OK"
2025-06-23 02:50:49,407 - httpx - INFO - HTTP Request: POST https://api.telegram.org/bot7654469359:AAG1GvNUZwUD-RQfKYP9u2gm6j0BvtqHKT4/getUpdates "HTTP/1.1 200 OK"
2025-06-23 02:50:59,570 - httpx - INFO - HTTP Request: POST https://api.telegram.org/bot7654469359:AAG1GvNUZwUD-RQfKYP9u2gm6j0BvtqHKT4/getUpdates "HTTP/1.1 200 OK"
2025-06-23 02:51:09,732 - httpx - INFO - HTTP Request: POST https://api.telegram.org/bot7654469359:AAG1GvNUZwUD-RQfKYP9u2gm6j0BvtqHKT4/getUpdates "HTTP/1.1 200 OK"
2025-06-23 02:51:19,893 - httpx - INFO - HTTP Request: POST https://api.telegram.org/bot7654469359:AAG1GvNUZwUD-RQfKYP9u2gm6j0BvtqHKT4/getUpdates "HTTP/1.1 200 OK"
2025-06-23 02:51:30,055 - httpx - INFO - HTTP Request: POST https://api.telegram.org/bot7654469359:AAG1GvNUZwUD-RQfKYP9u2gm6j0BvtqHKT4/getUpdates "HTTP/1.1 200 OK"
2025-06-23 02:51:40,214 - httpx - INFO - HTTP Request: POST https://api.telegram.org/bot7654469359:AAG1GvNUZwUD-RQfKYP9u2gm6j0BvtqHKT4/getUpdates "HTTP/1.1 200 OK"
2025-06-23 02:51:50,375 - httpx - INFO - HTTP Request: POST https://api.telegram.org/bot7654469359:AAG1GvNUZwUD-RQfKYP9u2gm6j0BvtqHKT4/getUpdates "HTTP/1.1 200 OK"
2025-06-23 02:52:00,536 - httpx - INFO - HTTP Request: POST https://api.telegram.org/bot7654469359:AAG1GvNUZwUD-RQfKYP9u2gm6j0BvtqHKT4/getUpdates "HTTP/1.1 200 OK"
2025-06-23 02:52:10,698 - httpx - INFO - HTTP Request: POST https://api.telegram.org/bot7654469359:AAG1GvNUZwUD-RQfKYP9u2gm6j0BvtqHKT4/getUpdates "HTTP/1.1 200 OK"
2025-06-23 02:52:20,957 - httpx - INFO - HTTP Request: POST https://api.telegram.org/bot7654469359:AAG1GvNUZwUD-RQfKYP9u2gm6j0BvtqHKT4/getUpdates "HTTP/1.1 200 OK"
2025-06-23 02:52:31,116 - httpx - INFO - HTTP Request: POST https://api.telegram.org/bot7654469359:AAG1GvNUZwUD-RQfKYP9u2gm6j0BvtqHKT4/getUpdates "HTTP/1.1 200 OK"
2025-06-23 02:52:41,291 - httpx - INFO - HTTP Request: POST https://api.telegram.org/bot7654469359:AAG1GvNUZwUD-RQfKYP9u2gm6j0BvtqHKT4/getUpdates "HTTP/1.1 200 OK"
2025-06-23 02:52:51,461 - httpx - INFO - HTTP Request: POST https://api.telegram.org/bot7654469359:AAG1GvNUZwUD-RQfKYP9u2gm6j0BvtqHKT4/getUpdates "HTTP/1.1 200 OK"
2025-06-23 02:53:01,623 - httpx - INFO - HTTP Request: POST https://api.telegram.org/bot7654469359:AAG1GvNUZwUD-RQfKYP9u2gm6j0BvtqHKT4/getUpdates "HTTP/1.1 200 OK"
2025-06-23 02:53:11,786 - httpx - INFO - HTTP Request: POST https://api.telegram.org/bot7654469359:AAG1GvNUZwUD-RQfKYP9u2gm6j0BvtqHKT4/getUpdates "HTTP/1.1 200 OK"
2025-06-23 02:53:21,945 - httpx - INFO - HTTP Request: POST https://api.telegram.org/bot7654469359:AAG1GvNUZwUD-RQfKYP9u2gm6j0BvtqHKT4/getUpdates "HTTP/1.1 200 OK"
2025-06-23 02:53:32,113 - httpx - INFO - HTTP Request: POST https://api.telegram.org/bot7654469359:AAG1GvNUZwUD-RQfKYP9u2gm6j0BvtqHKT4/getUpdates "HTTP/1.1 200 OK"
2025-06-23 02:53:42,280 - httpx - INFO - HTTP Request: POST https://api.telegram.org/bot7654469359:AAG1GvNUZwUD-RQfKYP9u2gm6j0BvtqHKT4/getUpdates "HTTP/1.1 200 OK"
2025-06-23 02:53:52,442 - httpx - INFO - HTTP Request: POST https://api.telegram.org/bot7654469359:AAG1GvNUZwUD-RQfKYP9u2gm6j0BvtqHKT4/getUpdates "HTTP/1.1 200 OK"
2025-06-23 02:54:02,602 - httpx - INFO - HTTP Request: POST https://api.telegram.org/bot7654469359:AAG1GvNUZwUD-RQfKYP9u2gm6j0BvtqHKT4/getUpdates "HTTP/1.1 200 OK"
2025-06-23 02:54:12,762 - httpx - INFO - HTTP Request: POST https://api.telegram.org/bot7654469359:AAG1GvNUZwUD-RQfKYP9u2gm6j0BvtqHKT4/getUpdates "HTTP/1.1 200 OK"
2025-06-23 02:54:22,931 - httpx - INFO - HTTP Request: POST https://api.telegram.org/bot7654469359:AAG1GvNUZwUD-RQfKYP9u2gm6j0BvtqHKT4/getUpdates "HTTP/1.1 200 OK"
2025-06-23 02:54:33,094 - httpx - INFO - HTTP Request: POST https://api.telegram.org/bot7654469359:AAG1GvNUZwUD-RQfKYP9u2gm6j0BvtqHKT4/getUpdates "HTTP/1.1 200 OK"
2025-06-23 02:54:43,257 - httpx - INFO - HTTP Request: POST https://api.telegram.org/bot7654469359:AAG1GvNUZwUD-RQfKYP9u2gm6j0BvtqHKT4/getUpdates "HTTP/1.1 200 OK"
2025-06-23 02:54:53,416 - httpx - INFO - HTTP Request: POST https://api.telegram.org/bot7654469359:AAG1GvNUZwUD-RQfKYP9u2gm6j0BvtqHKT4/getUpdates "HTTP/1.1 200 OK"
2025-06-23 02:55:03,575 - httpx - INFO - HTTP Request: POST https://api.telegram.org/bot7654469359:AAG1GvNUZwUD-RQfKYP9u2gm6j0BvtqHKT4/getUpdates "HTTP/1.1 200 OK"
2025-06-23 02:55:13,735 - httpx - INFO - HTTP Request: POST https://api.telegram.org/bot7654469359:AAG1GvNUZwUD-RQfKYP9u2gm6j0BvtqHKT4/getUpdates "HTTP/1.1 200 OK"
2025-06-23 02:55:23,912 - httpx - INFO - HTTP Request: POST https://api.telegram.org/bot7654469359:AAG1GvNUZwUD-RQfKYP9u2gm6j0BvtqHKT4/getUpdates "HTTP/1.1 200 OK"
2025-06-23 02:55:34,074 - httpx - INFO - HTTP Request: POST https://api.telegram.org/bot7654469359:AAG1GvNUZwUD-RQfKYP9u2gm6j0BvtqHKT4/getUpdates "HTTP/1.1 200 OK"
2025-06-23 02:55:44,233 - httpx - INFO - HTTP Request: POST https://api.telegram.org/bot7654469359:AAG1GvNUZwUD-RQfKYP9u2gm6j0BvtqHKT4/getUpdates "HTTP/1.1 200 OK"
2025-06-23 02:55:54,398 - httpx - INFO - HTTP Request: POST https://api.telegram.org/bot7654469359:AAG1GvNUZwUD-RQfKYP9u2gm6j0BvtqHKT4/getUpdates "HTTP/1.1 200 OK"
2025-06-23 02:56:04,558 - httpx - INFO - HTTP Request: POST https://api.telegram.org/bot7654469359:AAG1GvNUZwUD-RQfKYP9u2gm6j0BvtqHKT4/getUpdates "HTTP/1.1 200 OK"
2025-06-23 02:56:14,719 - httpx - INFO - HTTP Request: POST https://api.telegram.org/bot7654469359:AAG1GvNUZwUD-RQfKYP9u2gm6j0BvtqHKT4/getUpdates "HTTP/1.1 200 OK"
2025-06-23 02:56:24,881 - httpx - INFO - HTTP Request: POST https://api.telegram.org/bot7654469359:AAG1GvNUZwUD-RQfKYP9u2gm6j0BvtqHKT4/getUpdates "HTTP/1.1 200 OK"
2025-06-23 02:56:35,049 - httpx - INFO - HTTP Request: POST https://api.telegram.org/bot7654469359:AAG1GvNUZwUD-RQfKYP9u2gm6j0BvtqHKT4/getUpdates "HTTP/1.1 200 OK"
2025-06-23 02:56:45,217 - httpx - INFO - HTTP Request: POST https://api.telegram.org/bot7654469359:AAG1GvNUZwUD-RQfKYP9u2gm6j0BvtqHKT4/getUpdates "HTTP/1.1 200 OK"
2025-06-23 02:56:55,382 - httpx - INFO - HTTP Request: POST https://api.telegram.org/bot7654469359:AAG1GvNUZwUD-RQfKYP9u2gm6j0BvtqHKT4/getUpdates "HTTP/1.1 200 OK"
2025-06-23 02:57:06,037 - httpx - INFO - HTTP Request: POST https://api.telegram.org/bot7654469359:AAG1GvNUZwUD-RQfKYP9u2gm6j0BvtqHKT4/getUpdates "HTTP/1.1 200 OK"
2025-06-23 02:57:16,196 - httpx - INFO - HTTP Request: POST https://api.telegram.org/bot7654469359:AAG1GvNUZwUD-RQfKYP9u2gm6j0BvtqHKT4/getUpdates "HTTP/1.1 200 OK"
2025-06-23 02:57:26,356 - httpx - INFO - HTTP Request: POST https://api.telegram.org/bot7654469359:AAG1GvNUZwUD-RQfKYP9u2gm6j0BvtqHKT4/getUpdates "HTTP/1.1 200 OK"
2025-06-23 02:57:36,516 - httpx - INFO - HTTP Request: POST https://api.telegram.org/bot7654469359:AAG1GvNUZwUD-RQfKYP9u2gm6j0BvtqHKT4/getUpdates "HTTP/1.1 200 OK"
2025-06-23 02:57:46,681 - httpx - INFO - HTTP Request: POST https://api.telegram.org/bot7654469359:AAG1GvNUZwUD-RQfKYP9u2gm6j0BvtqHKT4/getUpdates "HTTP/1.1 200 OK"
2025-06-23 02:57:56,841 - httpx - INFO - HTTP Request: POST https://api.telegram.org/bot7654469359:AAG1GvNUZwUD-RQfKYP9u2gm6j0BvtqHKT4/getUpdates "HTTP/1.1 200 OK"
2025-06-23 02:58:07,007 - httpx - INFO - HTTP Request: POST https://api.telegram.org/bot7654469359:AAG1GvNUZwUD-RQfKYP9u2gm6j0BvtqHKT4/getUpdates "HTTP/1.1 200 OK"
2025-06-23 02:58:17,181 - httpx - INFO - HTTP Request: POST https://api.telegram.org/bot7654469359:AAG1GvNUZwUD-RQfKYP9u2gm6j0BvtqHKT4/getUpdates "HTTP/1.1 200 OK"
2025-06-23 02:58:27,340 - httpx - INFO - HTTP Request: POST https://api.telegram.org/bot7654469359:AAG1GvNUZwUD-RQfKYP9u2gm6j0BvtqHKT4/getUpdates "HTTP/1.1 200 OK"
2025-06-23 02:58:37,504 - httpx - INFO - HTTP Request: POST https://api.telegram.org/bot7654469359:AAG1GvNUZwUD-RQfKYP9u2gm6j0BvtqHKT4/getUpdates "HTTP/1.1 200 OK"
2025-06-23 02:58:47,663 - httpx - INFO - HTTP Request: POST https://api.telegram.org/bot7654469359:AAG1GvNUZwUD-RQfKYP9u2gm6j0BvtqHKT4/getUpdates "HTTP/1.1 200 OK"
2025-06-23 02:58:57,822 - httpx - INFO - HTTP Request: POST https://api.telegram.org/bot7654469359:AAG1GvNUZwUD-RQfKYP9u2gm6j0BvtqHKT4/getUpdates "HTTP/1.1 200 OK"
2025-06-23 02:59:07,983 - httpx - INFO - HTTP Request: POST https://api.telegram.org/bot7654469359:AAG1GvNUZwUD-RQfKYP9u2gm6j0BvtqHKT4/getUpdates "HTTP/1.1 200 OK"
2025-06-23 02:59:18,143 - httpx - INFO - HTTP Request: POST https://api.telegram.org/bot7654469359:AAG1GvNUZwUD-RQfKYP9u2gm6j0BvtqHKT4/getUpdates "HTTP/1.1 200 OK"
2025-06-23 02:59:28,302 - httpx - INFO - HTTP Request: POST https://api.telegram.org/bot7654469359:AAG1GvNUZwUD-RQfKYP9u2gm6j0BvtqHKT4/getUpdates "HTTP/1.1 200 OK"
2025-06-23 02:59:38,461 - httpx - INFO - HTTP Request: POST https://api.telegram.org/bot7654469359:AAG1GvNUZwUD-RQfKYP9u2gm6j0BvtqHKT4/getUpdates "HTTP/1.1 200 OK"
2025-06-23 02:59:48,620 - httpx - INFO - HTTP Request: POST https://api.telegram.org/bot7654469359:AAG1GvNUZwUD-RQfKYP9u2gm6j0BvtqHKT4/getUpdates "HTTP/1.1 200 OK"
2025-06-23 02:59:58,780 - httpx - INFO - HTTP Request: POST https://api.telegram.org/bot7654469359:AAG1GvNUZwUD-RQfKYP9u2gm6j0BvtqHKT4/getUpdates "HTTP/1.1 200 OK"
2025-06-23 03:00:08,942 - httpx - INFO - HTTP Request: POST https://api.telegram.org/bot7654469359:AAG1GvNUZwUD-RQfKYP9u2gm6j0BvtqHKT4/getUpdates "HTTP/1.1 200 OK"
2025-06-23 03:00:19,103 - httpx - INFO - HTTP Request: POST https://api.telegram.org/bot7654469359:AAG1GvNUZwUD-RQfKYP9u2gm6j0BvtqHKT4/getUpdates "HTTP/1.1 200 OK"
2025-06-23 03:00:29,263 - httpx - INFO - HTTP Request: POST https://api.telegram.org/bot7654469359:AAG1GvNUZwUD-RQfKYP9u2gm6j0BvtqHKT4/getUpdates "HTTP/1.1 200 OK"
2025-06-23 03:00:39,432 - httpx - INFO - HTTP Request: POST https://api.telegram.org/bot7654469359:AAG1GvNUZwUD-RQfKYP9u2gm6j0BvtqHKT4/getUpdates "HTTP/1.1 200 OK"
2025-06-23 03:00:49,593 - httpx - INFO - HTTP Request: POST https://api.telegram.org/bot7654469359:AAG1GvNUZwUD-RQfKYP9u2gm6j0BvtqHKT4/getUpdates "HTTP/1.1 200 OK"
2025-06-23 03:00:59,752 - httpx - INFO - HTTP Request: POST https://api.telegram.org/bot7654469359:AAG1GvNUZwUD-RQfKYP9u2gm6j0BvtqHKT4/getUpdates "HTTP/1.1 200 OK"
2025-06-23 03:01:09,914 - httpx - INFO - HTTP Request: POST https://api.telegram.org/bot7654469359:AAG1GvNUZwUD-RQfKYP9u2gm6j0BvtqHKT4/getUpdates "HTTP/1.1 200 OK"
2025-06-23 03:01:20,076 - httpx - INFO - HTTP Request: POST https://api.telegram.org/bot7654469359:AAG1GvNUZwUD-RQfKYP9u2gm6j0BvtqHKT4/getUpdates "HTTP/1.1 200 OK"
2025-06-23 03:01:30,235 - httpx - INFO - HTTP Request: POST https://api.telegram.org/bot7654469359:AAG1GvNUZwUD-RQfKYP9u2gm6j0BvtqHKT4/getUpdates "HTTP/1.1 200 OK"
2025-06-23 03:01:40,396 - httpx - INFO - HTTP Request: POST https://api.telegram.org/bot7654469359:AAG1GvNUZwUD-RQfKYP9u2gm6j0BvtqHKT4/getUpdates "HTTP/1.1 200 OK"
2025-06-23 03:01:50,556 - httpx - INFO - HTTP Request: POST https://api.telegram.org/bot7654469359:AAG1GvNUZwUD-RQfKYP9u2gm6j0BvtqHKT4/getUpdates "HTTP/1.1 200 OK"
2025-06-23 03:02:00,718 - httpx - INFO - HTTP Request: POST https://api.telegram.org/bot7654469359:AAG1GvNUZwUD-RQfKYP9u2gm6j0BvtqHKT4/getUpdates "HTTP/1.1 200 OK"
2025-06-23 03:02:10,877 - httpx - INFO - HTTP Request: POST https://api.telegram.org/bot7654469359:AAG1GvNUZwUD-RQfKYP9u2gm6j0BvtqHKT4/getUpdates "HTTP/1.1 200 OK"
2025-06-23 03:02:21,037 - httpx - INFO - HTTP Request: POST https://api.telegram.org/bot7654469359:AAG1GvNUZwUD-RQfKYP9u2gm6j0BvtqHKT4/getUpdates "HTTP/1.1 200 OK"
2025-06-23 03:02:31,196 - httpx - INFO - HTTP Request: POST https://api.telegram.org/bot7654469359:AAG1GvNUZwUD-RQfKYP9u2gm6j0BvtqHKT4/getUpdates "HTTP/1.1 200 OK"
2025-06-23 03:02:41,356 - httpx - INFO - HTTP Request: POST https://api.telegram.org/bot7654469359:AAG1GvNUZwUD-RQfKYP9u2gm6j0BvtqHKT4/getUpdates "HTTP/1.1 200 OK"
2025-06-23 03:02:51,520 - httpx - INFO - HTTP Request: POST https://api.telegram.org/bot7654469359:AAG1GvNUZwUD-RQfKYP9u2gm6j0BvtqHKT4/getUpdates "HTTP/1.1 200 OK"
2025-06-23 03:03:01,685 - httpx - INFO - HTTP Request: POST https://api.telegram.org/bot7654469359:AAG1GvNUZwUD-RQfKYP9u2gm6j0BvtqHKT4/getUpdates "HTTP/1.1 200 OK"
2025-06-23 03:03:11,848 - httpx - INFO - HTTP Request: POST https://api.telegram.org/bot7654469359:AAG1GvNUZwUD-RQfKYP9u2gm6j0BvtqHKT4/getUpdates "HTTP/1.1 200 OK"
2025-06-23 03:03:22,016 - httpx - INFO - HTTP Request: POST https://api.telegram.org/bot7654469359:AAG1GvNUZwUD-RQfKYP9u2gm6j0BvtqHKT4/getUpdates "HTTP/1.1 200 OK"
2025-06-23 03:03:32,179 - httpx - INFO - HTTP Request: POST https://api.telegram.org/bot7654469359:AAG1GvNUZwUD-RQfKYP9u2gm6j0BvtqHKT4/getUpdates "HTTP/1.1 200 OK"
2025-06-23 03:03:42,340 - httpx - INFO - HTTP Request: POST https://api.telegram.org/bot7654469359:AAG1GvNUZwUD-RQfKYP9u2gm6j0BvtqHKT4/getUpdates "HTTP/1.1 200 OK"
2025-06-23 03:03:52,500 - httpx - INFO - HTTP Request: POST https://api.telegram.org/bot7654469359:AAG1GvNUZwUD-RQfKYP9u2gm6j0BvtqHKT4/getUpdates "HTTP/1.1 200 OK"
2025-06-23 03:04:02,660 - httpx - INFO - HTTP Request: POST https://api.telegram.org/bot7654469359:AAG1GvNUZwUD-RQfKYP9u2gm6j0BvtqHKT4/getUpdates "HTTP/1.1 200 OK"
2025-06-23 03:04:12,820 - httpx - INFO - HTTP Request: POST https://api.telegram.org/bot7654469359:AAG1GvNUZwUD-RQfKYP9u2gm6j0BvtqHKT4/getUpdates "HTTP/1.1 200 OK"
2025-06-23 03:04:23,015 - httpx - INFO - HTTP Request: POST https://api.telegram.org/bot7654469359:AAG1GvNUZwUD-RQfKYP9u2gm6j0BvtqHKT4/getUpdates "HTTP/1.1 200 OK"
2025-06-23 03:04:33,179 - httpx - INFO - HTTP Request: POST https://api.telegram.org/bot7654469359:AAG1GvNUZwUD-RQfKYP9u2gm6j0BvtqHKT4/getUpdates "HTTP/1.1 200 OK"
2025-06-23 03:04:43,342 - httpx - INFO - HTTP Request: POST https://api.telegram.org/bot7654469359:AAG1GvNUZwUD-RQfKYP9u2gm6j0BvtqHKT4/getUpdates "HTTP/1.1 200 OK"
2025-06-23 03:04:53,504 - httpx - INFO - HTTP Request: POST https://api.telegram.org/bot7654469359:AAG1GvNUZwUD-RQfKYP9u2gm6j0BvtqHKT4/getUpdates "HTTP/1.1 200 OK"
2025-06-23 03:05:03,664 - httpx - INFO - HTTP Request: POST https://api.telegram.org/bot7654469359:AAG1GvNUZwUD-RQfKYP9u2gm6j0BvtqHKT4/getUpdates "HTTP/1.1 200 OK"
2025-06-23 03:05:13,823 - httpx - INFO - HTTP Request: POST https://api.telegram.org/bot7654469359:AAG1GvNUZwUD-RQfKYP9u2gm6j0BvtqHKT4/getUpdates "HTTP/1.1 200 OK"
2025-06-23 03:05:23,983 - httpx - INFO - HTTP Request: POST https://api.telegram.org/bot7654469359:AAG1GvNUZwUD-RQfKYP9u2gm6j0BvtqHKT4/getUpdates "HTTP/1.1 200 OK"
2025-06-23 03:05:34,143 - httpx - INFO - HTTP Request: POST https://api.telegram.org/bot7654469359:AAG1GvNUZwUD-RQfKYP9u2gm6j0BvtqHKT4/getUpdates "HTTP/1.1 200 OK"
2025-06-23 03:05:44,304 - httpx - INFO - HTTP Request: POST https://api.telegram.org/bot7654469359:AAG1GvNUZwUD-RQfKYP9u2gm6j0BvtqHKT4/getUpdates "HTTP/1.1 200 OK"
2025-06-23 03:05:54,465 - httpx - INFO - HTTP Request: POST https://api.telegram.org/bot7654469359:AAG1GvNUZwUD-RQfKYP9u2gm6j0BvtqHKT4/getUpdates "HTTP/1.1 200 OK"
2025-06-23 03:06:04,626 - httpx - INFO - HTTP Request: POST https://api.telegram.org/bot7654469359:AAG1GvNUZwUD-RQfKYP9u2gm6j0BvtqHKT4/getUpdates "HTTP/1.1 200 OK"
2025-06-23 03:06:14,787 - httpx - INFO - HTTP Request: POST https://api.telegram.org/bot7654469359:AAG1GvNUZwUD-RQfKYP9u2gm6j0BvtqHKT4/getUpdates "HTTP/1.1 200 OK"
2025-06-23 03:06:24,948 - httpx - INFO - HTTP Request: POST https://api.telegram.org/bot7654469359:AAG1GvNUZwUD-RQfKYP9u2gm6j0BvtqHKT4/getUpdates "HTTP/1.1 200 OK"
2025-06-23 03:06:35,107 - httpx - INFO - HTTP Request: POST https://api.telegram.org/bot7654469359:AAG1GvNUZwUD-RQfKYP9u2gm6j0BvtqHKT4/getUpdates "HTTP/1.1 200 OK"
2025-06-23 03:06:45,266 - httpx - INFO - HTTP Request: POST https://api.telegram.org/bot7654469359:AAG1GvNUZwUD-RQfKYP9u2gm6j0BvtqHKT4/getUpdates "HTTP/1.1 200 OK"
2025-06-23 03:06:55,428 - httpx - INFO - HTTP Request: POST https://api.telegram.org/bot7654469359:AAG1GvNUZwUD-RQfKYP9u2gm6j0BvtqHKT4/getUpdates "HTTP/1.1 200 OK"
2025-06-23 03:07:05,588 - httpx - INFO - HTTP Request: POST https://api.telegram.org/bot7654469359:AAG1GvNUZwUD-RQfKYP9u2gm6j0BvtqHKT4/getUpdates "HTTP/1.1 200 OK"
2025-06-23 03:07:15,748 - httpx - INFO - HTTP Request: POST https://api.telegram.org/bot7654469359:AAG1GvNUZwUD-RQfKYP9u2gm6j0BvtqHKT4/getUpdates "HTTP/1.1 200 OK"
2025-06-23 03:07:25,908 - httpx - INFO - HTTP Request: POST https://api.telegram.org/bot7654469359:AAG1GvNUZwUD-RQfKYP9u2gm6j0BvtqHKT4/getUpdates "HTTP/1.1 200 OK"
2025-06-23 03:07:36,067 - httpx - INFO - HTTP Request: POST https://api.telegram.org/bot7654469359:AAG1GvNUZwUD-RQfKYP9u2gm6j0BvtqHKT4/getUpdates "HTTP/1.1 200 OK"
2025-06-23 03:07:46,230 - httpx - INFO - HTTP Request: POST https://api.telegram.org/bot7654469359:AAG1GvNUZwUD-RQfKYP9u2gm6j0BvtqHKT4/getUpdates "HTTP/1.1 200 OK"
2025-06-23 03:07:56,389 - httpx - INFO - HTTP Request: POST https://api.telegram.org/bot7654469359:AAG1GvNUZwUD-RQfKYP9u2gm6j0BvtqHKT4/getUpdates "HTTP/1.1 200 OK"
2025-06-23 03:08:06,547 - httpx - INFO - HTTP Request: POST https://api.telegram.org/bot7654469359:AAG1GvNUZwUD-RQfKYP9u2gm6j0BvtqHKT4/getUpdates "HTTP/1.1 200 OK"
2025-06-23 03:08:16,707 - httpx - INFO - HTTP Request: POST https://api.telegram.org/bot7654469359:AAG1GvNUZwUD-RQfKYP9u2gm6j0BvtqHKT4/getUpdates "HTTP/1.1 200 OK"
2025-06-23 03:08:26,873 - httpx - INFO - HTTP Request: POST https://api.telegram.org/bot7654469359:AAG1GvNUZwUD-RQfKYP9u2gm6j0BvtqHKT4/getUpdates "HTTP/1.1 200 OK"
2025-06-23 03:08:37,034 - httpx - INFO - HTTP Request: POST https://api.telegram.org/bot7654469359:AAG1GvNUZwUD-RQfKYP9u2gm6j0BvtqHKT4/getUpdates "HTTP/1.1 200 OK"
2025-06-23 03:08:47,195 - httpx - INFO - HTTP Request: POST https://api.telegram.org/bot7654469359:AAG1GvNUZwUD-RQfKYP9u2gm6j0BvtqHKT4/getUpdates "HTTP/1.1 200 OK"
2025-06-23 03:08:57,356 - httpx - INFO - HTTP Request: POST https://api.telegram.org/bot7654469359:AAG1GvNUZwUD-RQfKYP9u2gm6j0BvtqHKT4/getUpdates "HTTP/1.1 200 OK"
2025-06-23 03:09:07,515 - httpx - INFO - HTTP Request: POST https://api.telegram.org/bot7654469359:AAG1GvNUZwUD-RQfKYP9u2gm6j0BvtqHKT4/getUpdates "HTTP/1.1 200 OK"
2025-06-23 03:09:17,676 - httpx - INFO - HTTP Request: POST https://api.telegram.org/bot7654469359:AAG1GvNUZwUD-RQfKYP9u2gm6j0BvtqHKT4/getUpdates "HTTP/1.1 200 OK"
2025-06-23 03:09:27,836 - httpx - INFO - HTTP Request: POST https://api.telegram.org/bot7654469359:AAG1GvNUZwUD-RQfKYP9u2gm6j0BvtqHKT4/getUpdates "HTTP/1.1 200 OK"
2025-06-23 03:09:37,995 - httpx - INFO - HTTP Request: POST https://api.telegram.org/bot7654469359:AAG1GvNUZwUD-RQfKYP9u2gm6j0BvtqHKT4/getUpdates "HTTP/1.1 200 OK"
2025-06-23 03:09:48,155 - httpx - INFO - HTTP Request: POST https://api.telegram.org/bot7654469359:AAG1GvNUZwUD-RQfKYP9u2gm6j0BvtqHKT4/getUpdates "HTTP/1.1 200 OK"
2025-06-23 03:09:58,315 - httpx - INFO - HTTP Request: POST https://api.telegram.org/bot7654469359:AAG1GvNUZwUD-RQfKYP9u2gm6j0BvtqHKT4/getUpdates "HTTP/1.1 200 OK"
2025-06-23 03:10:08,478 - httpx - INFO - HTTP Request: POST https://api.telegram.org/bot7654469359:AAG1GvNUZwUD-RQfKYP9u2gm6j0BvtqHKT4/getUpdates "HTTP/1.1 200 OK"
2025-06-23 03:10:18,637 - httpx - INFO - HTTP Request: POST https://api.telegram.org/bot7654469359:AAG1GvNUZwUD-RQfKYP9u2gm6j0BvtqHKT4/getUpdates "HTTP/1.1 200 OK"
2025-06-23 05:34:46,042 - bot.utils.config - INFO - Configuration validated successfully
2025-06-23 05:34:46,043 - bot.utils.handler_registry - INFO - Registered handler for command: /start
2025-06-23 05:34:46,044 - bot.utils.handler_registry - INFO - Registered handler for command: /help
2025-06-23 05:34:46,044 - bot.utils.config - INFO - Command handlers setup completed
2025-06-23 05:34:46,096 - bot.utils.handler_registry - INFO - Added Telegram handler for /start
2025-06-23 05:34:46,097 - bot.utils.handler_registry - INFO - Added Telegram handler for /help
2025-06-23 05:34:46,097 - bot.utils.handler_registry - INFO - Total handlers registered with application: 2
2025-06-23 05:34:46,097 - bot.utils.config - INFO - Environment: DEV
2025-06-23 05:34:46,097 - bot.utils.config - INFO - Authorized users: 1
2025-06-23 05:34:46,097 - bot.utils.config - INFO - Registered commands: start, help
2025-06-23 05:34:46,098 - bot.utils.config - INFO - Starting Telegram bot...
2025-06-23 05:34:46,604 - httpx - INFO - HTTP Request: POST https://api.telegram.org/bot7654469359:AAG1GvNUZwUD-RQfKYP9u2gm6j0BvtqHKT4/getMe "HTTP/1.1 200 OK"
2025-06-23 05:34:46,767 - httpx - INFO - HTTP Request: POST https://api.telegram.org/bot7654469359:AAG1GvNUZwUD-RQfKYP9u2gm6j0BvtqHKT4/deleteWebhook "HTTP/1.1 200 OK"
2025-06-23 05:34:46,769 - telegram.ext.Application - INFO - Application started
2025-06-23 05:34:47,256 - httpx - INFO - HTTP Request: POST https://api.telegram.org/bot7654469359:AAG1GvNUZwUD-RQfKYP9u2gm6j0BvtqHKT4/getUpdates "HTTP/1.1 200 OK"
2025-06-23 05:34:47,608 - httpx - INFO - HTTP Request: POST https://api.telegram.org/bot7654469359:AAG1GvNUZwUD-RQfKYP9u2gm6j0BvtqHKT4/sendMessage "HTTP/1.1 200 OK"
2025-06-23 05:34:47,609 - bot.handlers.base_handler - INFO - Help command processed for user Son
2025-06-23 05:34:54,763 - httpx - INFO - HTTP Request: POST https://api.telegram.org/bot7654469359:AAG1GvNUZwUD-RQfKYP9u2gm6j0BvtqHKT4/getUpdates "HTTP/1.1 200 OK"
2025-06-23 05:34:54,764 - bot.handlers.base_handler - INFO - Start command received from user Son (ID: 5005604119)
2025-06-23 05:34:55,429 - httpx - INFO - HTTP Request: POST https://api.telegram.org/bot7654469359:AAG1GvNUZwUD-RQfKYP9u2gm6j0BvtqHKT4/sendMessage "HTTP/1.1 200 OK"
2025-06-23 05:34:55,430 - bot.handlers.base_handler - INFO - Welcome message sent to authorized user Son
2025-06-23 05:34:59,575 - httpx - INFO - HTTP Request: POST https://api.telegram.org/bot7654469359:AAG1GvNUZwUD-RQfKYP9u2gm6j0BvtqHKT4/getUpdates "HTTP/1.1 200 OK"
2025-06-23 05:34:59,919 - httpx - INFO - HTTP Request: POST https://api.telegram.org/bot7654469359:AAG1GvNUZwUD-RQfKYP9u2gm6j0BvtqHKT4/sendMessage "HTTP/1.1 200 OK"
2025-06-23 05:34:59,920 - bot.handlers.base_handler - INFO - Help command processed for user Son
2025-06-23 05:35:09,735 - httpx - INFO - HTTP Request: POST https://api.telegram.org/bot7654469359:AAG1GvNUZwUD-RQfKYP9u2gm6j0BvtqHKT4/getUpdates "HTTP/1.1 200 OK"
2025-06-23 05:35:19,897 - httpx - INFO - HTTP Request: POST https://api.telegram.org/bot7654469359:AAG1GvNUZwUD-RQfKYP9u2gm6j0BvtqHKT4/getUpdates "HTTP/1.1 200 OK"
2025-06-23 05:35:30,057 - httpx - INFO - HTTP Request: POST https://api.telegram.org/bot7654469359:AAG1GvNUZwUD-RQfKYP9u2gm6j0BvtqHKT4/getUpdates "HTTP/1.1 200 OK"
2025-06-23 05:35:40,218 - httpx - INFO - HTTP Request: POST https://api.telegram.org/bot7654469359:AAG1GvNUZwUD-RQfKYP9u2gm6j0BvtqHKT4/getUpdates "HTTP/1.1 200 OK"
2025-06-23 05:35:50,382 - httpx - INFO - HTTP Request: POST https://api.telegram.org/bot7654469359:AAG1GvNUZwUD-RQfKYP9u2gm6j0BvtqHKT4/getUpdates "HTTP/1.1 200 OK"
2025-06-23 05:36:00,542 - httpx - INFO - HTTP Request: POST https://api.telegram.org/bot7654469359:AAG1GvNUZwUD-RQfKYP9u2gm6j0BvtqHKT4/getUpdates "HTTP/1.1 200 OK"
2025-06-23 05:36:10,702 - httpx - INFO - HTTP Request: POST https://api.telegram.org/bot7654469359:AAG1GvNUZwUD-RQfKYP9u2gm6j0BvtqHKT4/getUpdates "HTTP/1.1 200 OK"
2025-06-23 05:36:20,863 - httpx - INFO - HTTP Request: POST https://api.telegram.org/bot7654469359:AAG1GvNUZwUD-RQfKYP9u2gm6j0BvtqHKT4/getUpdates "HTTP/1.1 200 OK"
2025-06-23 05:36:31,024 - httpx - INFO - HTTP Request: POST https://api.telegram.org/bot7654469359:AAG1GvNUZwUD-RQfKYP9u2gm6j0BvtqHKT4/getUpdates "HTTP/1.1 200 OK"
2025-06-23 05:36:41,186 - httpx - INFO - HTTP Request: POST https://api.telegram.org/bot7654469359:AAG1GvNUZwUD-RQfKYP9u2gm6j0BvtqHKT4/getUpdates "HTTP/1.1 200 OK"
2025-06-23 05:36:51,347 - httpx - INFO - HTTP Request: POST https://api.telegram.org/bot7654469359:AAG1GvNUZwUD-RQfKYP9u2gm6j0BvtqHKT4/getUpdates "HTTP/1.1 200 OK"
2025-06-23 05:37:01,507 - httpx - INFO - HTTP Request: POST https://api.telegram.org/bot7654469359:AAG1GvNUZwUD-RQfKYP9u2gm6j0BvtqHKT4/getUpdates "HTTP/1.1 200 OK"
2025-06-23 05:37:11,668 - httpx - INFO - HTTP Request: POST https://api.telegram.org/bot7654469359:AAG1GvNUZwUD-RQfKYP9u2gm6j0BvtqHKT4/getUpdates "HTTP/1.1 200 OK"
2025-06-23 05:37:21,828 - httpx - INFO - HTTP Request: POST https://api.telegram.org/bot7654469359:AAG1GvNUZwUD-RQfKYP9u2gm6j0BvtqHKT4/getUpdates "HTTP/1.1 200 OK"
2025-06-23 05:37:31,988 - httpx - INFO - HTTP Request: POST https://api.telegram.org/bot7654469359:AAG1GvNUZwUD-RQfKYP9u2gm6j0BvtqHKT4/getUpdates "HTTP/1.1 200 OK"
2025-06-23 05:37:42,178 - httpx - INFO - HTTP Request: POST https://api.telegram.org/bot7654469359:AAG1GvNUZwUD-RQfKYP9u2gm6j0BvtqHKT4/getUpdates "HTTP/1.1 200 OK"
2025-06-23 05:37:52,354 - httpx - INFO - HTTP Request: POST https://api.telegram.org/bot7654469359:AAG1GvNUZwUD-RQfKYP9u2gm6j0BvtqHKT4/getUpdates "HTTP/1.1 200 OK"
2025-06-23 05:38:02,515 - httpx - INFO - HTTP Request: POST https://api.telegram.org/bot7654469359:AAG1GvNUZwUD-RQfKYP9u2gm6j0BvtqHKT4/getUpdates "HTTP/1.1 200 OK"
2025-06-23 05:38:12,676 - httpx - INFO - HTTP Request: POST https://api.telegram.org/bot7654469359:AAG1GvNUZwUD-RQfKYP9u2gm6j0BvtqHKT4/getUpdates "HTTP/1.1 200 OK"
2025-06-23 05:38:22,840 - httpx - INFO - HTTP Request: POST https://api.telegram.org/bot7654469359:AAG1GvNUZwUD-RQfKYP9u2gm6j0BvtqHKT4/getUpdates "HTTP/1.1 200 OK"
2025-06-23 05:38:33,010 - httpx - INFO - HTTP Request: POST https://api.telegram.org/bot7654469359:AAG1GvNUZwUD-RQfKYP9u2gm6j0BvtqHKT4/getUpdates "HTTP/1.1 200 OK"
2025-06-23 05:38:43,171 - httpx - INFO - HTTP Request: POST https://api.telegram.org/bot7654469359:AAG1GvNUZwUD-RQfKYP9u2gm6j0BvtqHKT4/getUpdates "HTTP/1.1 200 OK"
2025-06-23 05:38:53,332 - httpx - INFO - HTTP Request: POST https://api.telegram.org/bot7654469359:AAG1GvNUZwUD-RQfKYP9u2gm6j0BvtqHKT4/getUpdates "HTTP/1.1 200 OK"
2025-06-23 05:39:03,493 - httpx - INFO - HTTP Request: POST https://api.telegram.org/bot7654469359:AAG1GvNUZwUD-RQfKYP9u2gm6j0BvtqHKT4/getUpdates "HTTP/1.1 200 OK"
2025-06-23 05:39:13,655 - httpx - INFO - HTTP Request: POST https://api.telegram.org/bot7654469359:AAG1GvNUZwUD-RQfKYP9u2gm6j0BvtqHKT4/getUpdates "HTTP/1.1 200 OK"
2025-06-23 05:39:23,816 - httpx - INFO - HTTP Request: POST https://api.telegram.org/bot7654469359:AAG1GvNUZwUD-RQfKYP9u2gm6j0BvtqHKT4/getUpdates "HTTP/1.1 200 OK"
2025-06-23 05:39:33,977 - httpx - INFO - HTTP Request: POST https://api.telegram.org/bot7654469359:AAG1GvNUZwUD-RQfKYP9u2gm6j0BvtqHKT4/getUpdates "HTTP/1.1 200 OK"
2025-06-23 05:39:44,138 - httpx - INFO - HTTP Request: POST https://api.telegram.org/bot7654469359:AAG1GvNUZwUD-RQfKYP9u2gm6j0BvtqHKT4/getUpdates "HTTP/1.1 200 OK"
2025-06-23 05:39:54,299 - httpx - INFO - HTTP Request: POST https://api.telegram.org/bot7654469359:AAG1GvNUZwUD-RQfKYP9u2gm6j0BvtqHKT4/getUpdates "HTTP/1.1 200 OK"
2025-06-23 05:40:04,459 - httpx - INFO - HTTP Request: POST https://api.telegram.org/bot7654469359:AAG1GvNUZwUD-RQfKYP9u2gm6j0BvtqHKT4/getUpdates "HTTP/1.1 200 OK"
2025-06-23 05:40:14,620 - httpx - INFO - HTTP Request: POST https://api.telegram.org/bot7654469359:AAG1GvNUZwUD-RQfKYP9u2gm6j0BvtqHKT4/getUpdates "HTTP/1.1 200 OK"
2025-06-23 05:40:24,781 - httpx - INFO - HTTP Request: POST https://api.telegram.org/bot7654469359:AAG1GvNUZwUD-RQfKYP9u2gm6j0BvtqHKT4/getUpdates "HTTP/1.1 200 OK"
2025-06-23 05:40:34,943 - httpx - INFO - HTTP Request: POST https://api.telegram.org/bot7654469359:AAG1GvNUZwUD-RQfKYP9u2gm6j0BvtqHKT4/getUpdates "HTTP/1.1 200 OK"
2025-06-23 05:40:45,103 - httpx - INFO - HTTP Request: POST https://api.telegram.org/bot7654469359:AAG1GvNUZwUD-RQfKYP9u2gm6j0BvtqHKT4/getUpdates "HTTP/1.1 200 OK"
2025-06-23 05:40:55,269 - httpx - INFO - HTTP Request: POST https://api.telegram.org/bot7654469359:AAG1GvNUZwUD-RQfKYP9u2gm6j0BvtqHKT4/getUpdates "HTTP/1.1 200 OK"
2025-06-23 05:41:05,431 - httpx - INFO - HTTP Request: POST https://api.telegram.org/bot7654469359:AAG1GvNUZwUD-RQfKYP9u2gm6j0BvtqHKT4/getUpdates "HTTP/1.1 200 OK"
2025-06-23 05:41:15,592 - httpx - INFO - HTTP Request: POST https://api.telegram.org/bot7654469359:AAG1GvNUZwUD-RQfKYP9u2gm6j0BvtqHKT4/getUpdates "HTTP/1.1 200 OK"
2025-06-23 05:41:25,752 - httpx - INFO - HTTP Request: POST https://api.telegram.org/bot7654469359:AAG1GvNUZwUD-RQfKYP9u2gm6j0BvtqHKT4/getUpdates "HTTP/1.1 200 OK"
2025-06-23 05:41:35,913 - httpx - INFO - HTTP Request: POST https://api.telegram.org/bot7654469359:AAG1GvNUZwUD-RQfKYP9u2gm6j0BvtqHKT4/getUpdates "HTTP/1.1 200 OK"
2025-06-23 05:41:46,074 - httpx - INFO - HTTP Request: POST https://api.telegram.org/bot7654469359:AAG1GvNUZwUD-RQfKYP9u2gm6j0BvtqHKT4/getUpdates "HTTP/1.1 200 OK"
2025-06-23 05:41:56,235 - httpx - INFO - HTTP Request: POST https://api.telegram.org/bot7654469359:AAG1GvNUZwUD-RQfKYP9u2gm6j0BvtqHKT4/getUpdates "HTTP/1.1 200 OK"
2025-06-23 05:42:06,396 - httpx - INFO - HTTP Request: POST https://api.telegram.org/bot7654469359:AAG1GvNUZwUD-RQfKYP9u2gm6j0BvtqHKT4/getUpdates "HTTP/1.1 200 OK"
2025-06-23 05:42:16,557 - httpx - INFO - HTTP Request: POST https://api.telegram.org/bot7654469359:AAG1GvNUZwUD-RQfKYP9u2gm6j0BvtqHKT4/getUpdates "HTTP/1.1 200 OK"
2025-06-23 05:42:26,771 - httpx - INFO - HTTP Request: POST https://api.telegram.org/bot7654469359:AAG1GvNUZwUD-RQfKYP9u2gm6j0BvtqHKT4/getUpdates "HTTP/1.1 200 OK"
2025-06-23 05:42:36,931 - httpx - INFO - HTTP Request: POST https://api.telegram.org/bot7654469359:AAG1GvNUZwUD-RQfKYP9u2gm6j0BvtqHKT4/getUpdates "HTTP/1.1 200 OK"
2025-06-23 05:42:47,091 - httpx - INFO - HTTP Request: POST https://api.telegram.org/bot7654469359:AAG1GvNUZwUD-RQfKYP9u2gm6j0BvtqHKT4/getUpdates "HTTP/1.1 200 OK"
2025-06-23 05:42:57,253 - httpx - INFO - HTTP Request: POST https://api.telegram.org/bot7654469359:AAG1GvNUZwUD-RQfKYP9u2gm6j0BvtqHKT4/getUpdates "HTTP/1.1 200 OK"
2025-06-23 05:43:07,414 - httpx - INFO - HTTP Request: POST https://api.telegram.org/bot7654469359:AAG1GvNUZwUD-RQfKYP9u2gm6j0BvtqHKT4/getUpdates "HTTP/1.1 200 OK"
2025-06-23 05:43:17,576 - httpx - INFO - HTTP Request: POST https://api.telegram.org/bot7654469359:AAG1GvNUZwUD-RQfKYP9u2gm6j0BvtqHKT4/getUpdates "HTTP/1.1 200 OK"
2025-06-23 05:43:27,738 - httpx - INFO - HTTP Request: POST https://api.telegram.org/bot7654469359:AAG1GvNUZwUD-RQfKYP9u2gm6j0BvtqHKT4/getUpdates "HTTP/1.1 200 OK"
2025-06-23 05:43:37,899 - httpx - INFO - HTTP Request: POST https://api.telegram.org/bot7654469359:AAG1GvNUZwUD-RQfKYP9u2gm6j0BvtqHKT4/getUpdates "HTTP/1.1 200 OK"
2025-06-23 05:43:48,060 - httpx - INFO - HTTP Request: POST https://api.telegram.org/bot7654469359:AAG1GvNUZwUD-RQfKYP9u2gm6j0BvtqHKT4/getUpdates "HTTP/1.1 200 OK"
2025-06-23 05:43:58,221 - httpx - INFO - HTTP Request: POST https://api.telegram.org/bot7654469359:AAG1GvNUZwUD-RQfKYP9u2gm6j0BvtqHKT4/getUpdates "HTTP/1.1 200 OK"
2025-06-23 05:44:05,718 - httpx - INFO - HTTP Request: POST https://api.telegram.org/bot7654469359:AAG1GvNUZwUD-RQfKYP9u2gm6j0BvtqHKT4/getUpdates "HTTP/1.1 200 OK"
2025-06-23 05:44:05,719 - telegram.ext.Application - INFO - Application is stopping. This might take a moment.
2025-06-23 05:44:05,720 - telegram.ext.Application - INFO - Application.stop() complete
2025-06-23 05:45:34,860 - bot.utils.config - INFO - Configuration validated successfully
2025-06-23 05:45:34,860 - bot.utils.handler_registry - INFO - Registered handler for command: /start
2025-06-23 05:45:34,860 - bot.utils.handler_registry - INFO - Registered handler for command: /help
2025-06-23 05:45:34,861 - bot.utils.handler_registry - INFO - Registered handler for command: /list
2025-06-23 05:45:34,861 - bot.utils.config - INFO - Command handlers setup completed
2025-06-23 05:45:34,910 - bot.utils.handler_registry - INFO - Added Telegram handler for /start
2025-06-23 05:45:34,910 - bot.utils.handler_registry - INFO - Added Telegram handler for /help
2025-06-23 05:45:34,910 - bot.utils.handler_registry - INFO - Added Telegram handler for /list
2025-06-23 05:45:34,910 - bot.utils.handler_registry - INFO - Total handlers registered with application: 3
2025-06-23 05:45:34,910 - bot.utils.config - INFO - Environment: DEV
2025-06-23 05:45:34,911 - bot.utils.config - INFO - Authorized users: 1
2025-06-23 05:45:34,911 - bot.utils.config - INFO - Registered commands: start, help, list
2025-06-23 05:45:34,911 - bot.utils.config - INFO - Starting Telegram bot...
2025-06-23 05:45:35,405 - httpx - INFO - HTTP Request: POST https://api.telegram.org/bot7654469359:AAG1GvNUZwUD-RQfKYP9u2gm6j0BvtqHKT4/getMe "HTTP/1.1 200 OK"
2025-06-23 05:45:35,566 - httpx - INFO - HTTP Request: POST https://api.telegram.org/bot7654469359:AAG1GvNUZwUD-RQfKYP9u2gm6j0BvtqHKT4/deleteWebhook "HTTP/1.1 200 OK"
2025-06-23 05:45:35,568 - telegram.ext.Application - INFO - Application started
2025-06-23 05:45:40,471 - httpx - INFO - HTTP Request: POST https://api.telegram.org/bot7654469359:AAG1GvNUZwUD-RQfKYP9u2gm6j0BvtqHKT4/getUpdates "HTTP/1.1 200 OK"
2025-06-23 05:45:40,472 - bot.handlers.base_handler - INFO - List command received from user Son (ID: 5005604119)
2025-06-23 05:45:40,473 - bot.services.wallet_service - INFO - Loaded 9 wallets from wallets.json
2025-06-23 05:45:40,844 - httpx - INFO - HTTP Request: POST https://api.telegram.org/bot7654469359:AAG1GvNUZwUD-RQfKYP9u2gm6j0BvtqHKT4/sendMessage "HTTP/1.1 200 OK"
2025-06-23 05:45:40,845 - bot.handlers.base_handler - INFO - List command processed for user Son, 9 wallets shown
2025-06-23 05:45:50,633 - httpx - INFO - HTTP Request: POST https://api.telegram.org/bot7654469359:AAG1GvNUZwUD-RQfKYP9u2gm6j0BvtqHKT4/getUpdates "HTTP/1.1 200 OK"
2025-06-23 05:45:50,793 - httpx - INFO - HTTP Request: POST https://api.telegram.org/bot7654469359:AAG1GvNUZwUD-RQfKYP9u2gm6j0BvtqHKT4/getUpdates "HTTP/1.1 200 OK"
2025-06-23 05:45:50,794 - bot.handlers.base_handler - INFO - Start command received from user Son (ID: 5005604119)
2025-06-23 05:45:51,646 - httpx - INFO - HTTP Request: POST https://api.telegram.org/bot7654469359:AAG1GvNUZwUD-RQfKYP9u2gm6j0BvtqHKT4/sendMessage "HTTP/1.1 200 OK"
2025-06-23 05:45:51,647 - bot.handlers.base_handler - INFO - Welcome message sent to authorized user Son
2025-06-23 05:46:00,955 - httpx - INFO - HTTP Request: POST https://api.telegram.org/bot7654469359:AAG1GvNUZwUD-RQfKYP9u2gm6j0BvtqHKT4/getUpdates "HTTP/1.1 200 OK"
2025-06-23 05:46:01,467 - httpx - INFO - HTTP Request: POST https://api.telegram.org/bot7654469359:AAG1GvNUZwUD-RQfKYP9u2gm6j0BvtqHKT4/getUpdates "HTTP/1.1 200 OK"
2025-06-23 05:46:02,134 - httpx - INFO - HTTP Request: POST https://api.telegram.org/bot7654469359:AAG1GvNUZwUD-RQfKYP9u2gm6j0BvtqHKT4/sendMessage "HTTP/1.1 200 OK"
2025-06-23 05:46:02,135 - bot.handlers.base_handler - INFO - Help command processed for user Son
2025-06-23 05:46:11,629 - httpx - INFO - HTTP Request: POST https://api.telegram.org/bot7654469359:AAG1GvNUZwUD-RQfKYP9u2gm6j0BvtqHKT4/getUpdates "HTTP/1.1 200 OK"
2025-06-23 05:46:21,790 - httpx - INFO - HTTP Request: POST https://api.telegram.org/bot7654469359:AAG1GvNUZwUD-RQfKYP9u2gm6j0BvtqHKT4/getUpdates "HTTP/1.1 200 OK"
2025-06-23 05:46:31,951 - httpx - INFO - HTTP Request: POST https://api.telegram.org/bot7654469359:AAG1GvNUZwUD-RQfKYP9u2gm6j0BvtqHKT4/getUpdates "HTTP/1.1 200 OK"
2025-06-23 05:46:42,111 - httpx - INFO - HTTP Request: POST https://api.telegram.org/bot7654469359:AAG1GvNUZwUD-RQfKYP9u2gm6j0BvtqHKT4/getUpdates "HTTP/1.1 200 OK"
2025-06-23 05:46:52,271 - httpx - INFO - HTTP Request: POST https://api.telegram.org/bot7654469359:AAG1GvNUZwUD-RQfKYP9u2gm6j0BvtqHKT4/getUpdates "HTTP/1.1 200 OK"
2025-06-23 05:47:02,432 - httpx - INFO - HTTP Request: POST https://api.telegram.org/bot7654469359:AAG1GvNUZwUD-RQfKYP9u2gm6j0BvtqHKT4/getUpdates "HTTP/1.1 200 OK"
2025-06-23 05:47:12,592 - httpx - INFO - HTTP Request: POST https://api.telegram.org/bot7654469359:AAG1GvNUZwUD-RQfKYP9u2gm6j0BvtqHKT4/getUpdates "HTTP/1.1 200 OK"
2025-06-23 05:47:22,752 - httpx - INFO - HTTP Request: POST https://api.telegram.org/bot7654469359:AAG1GvNUZwUD-RQfKYP9u2gm6j0BvtqHKT4/getUpdates "HTTP/1.1 200 OK"
2025-06-23 05:47:32,912 - httpx - INFO - HTTP Request: POST https://api.telegram.org/bot7654469359:AAG1GvNUZwUD-RQfKYP9u2gm6j0BvtqHKT4/getUpdates "HTTP/1.1 200 OK"
2025-06-23 05:47:43,073 - httpx - INFO - HTTP Request: POST https://api.telegram.org/bot7654469359:AAG1GvNUZwUD-RQfKYP9u2gm6j0BvtqHKT4/getUpdates "HTTP/1.1 200 OK"
2025-06-23 05:47:53,233 - httpx - INFO - HTTP Request: POST https://api.telegram.org/bot7654469359:AAG1GvNUZwUD-RQfKYP9u2gm6j0BvtqHKT4/getUpdates "HTTP/1.1 200 OK"
2025-06-23 05:48:03,393 - httpx - INFO - HTTP Request: POST https://api.telegram.org/bot7654469359:AAG1GvNUZwUD-RQfKYP9u2gm6j0BvtqHKT4/getUpdates "HTTP/1.1 200 OK"
2025-06-23 05:48:13,554 - httpx - INFO - HTTP Request: POST https://api.telegram.org/bot7654469359:AAG1GvNUZwUD-RQfKYP9u2gm6j0BvtqHKT4/getUpdates "HTTP/1.1 200 OK"
2025-06-23 05:48:23,726 - httpx - INFO - HTTP Request: POST https://api.telegram.org/bot7654469359:AAG1GvNUZwUD-RQfKYP9u2gm6j0BvtqHKT4/getUpdates "HTTP/1.1 200 OK"
2025-06-23 05:48:33,886 - httpx - INFO - HTTP Request: POST https://api.telegram.org/bot7654469359:AAG1GvNUZwUD-RQfKYP9u2gm6j0BvtqHKT4/getUpdates "HTTP/1.1 200 OK"
2025-06-23 05:48:44,047 - httpx - INFO - HTTP Request: POST https://api.telegram.org/bot7654469359:AAG1GvNUZwUD-RQfKYP9u2gm6j0BvtqHKT4/getUpdates "HTTP/1.1 200 OK"
2025-06-23 05:48:54,209 - httpx - INFO - HTTP Request: POST https://api.telegram.org/bot7654469359:AAG1GvNUZwUD-RQfKYP9u2gm6j0BvtqHKT4/getUpdates "HTTP/1.1 200 OK"
2025-06-23 05:49:04,369 - httpx - INFO - HTTP Request: POST https://api.telegram.org/bot7654469359:AAG1GvNUZwUD-RQfKYP9u2gm6j0BvtqHKT4/getUpdates "HTTP/1.1 200 OK"
2025-06-23 05:49:14,529 - httpx - INFO - HTTP Request: POST https://api.telegram.org/bot7654469359:AAG1GvNUZwUD-RQfKYP9u2gm6j0BvtqHKT4/getUpdates "HTTP/1.1 200 OK"
2025-06-23 05:49:22,574 - httpx - INFO - HTTP Request: POST https://api.telegram.org/bot7654469359:AAG1GvNUZwUD-RQfKYP9u2gm6j0BvtqHKT4/getUpdates "HTTP/1.1 200 OK"
2025-06-23 05:49:22,575 - telegram.ext.Application - INFO - Application is stopping. This might take a moment.
2025-06-23 05:49:22,575 - telegram.ext.Application - INFO - Application.stop() complete
2025-06-23 05:49:25,505 - bot.utils.config - INFO - Configuration validated successfully
2025-06-23 05:49:25,505 - bot.utils.handler_registry - INFO - Registered handler for command: /start
2025-06-23 05:49:25,505 - bot.utils.handler_registry - INFO - Registered handler for command: /help
2025-06-23 05:49:25,506 - bot.utils.handler_registry - INFO - Registered handler for command: /list
2025-06-23 05:49:25,506 - bot.utils.config - INFO - Command handlers setup completed
2025-06-23 05:49:25,554 - bot.utils.handler_registry - INFO - Added Telegram handler for /start
2025-06-23 05:49:25,554 - bot.utils.handler_registry - INFO - Added Telegram handler for /help
2025-06-23 05:49:25,554 - bot.utils.handler_registry - INFO - Added Telegram handler for /list
2025-06-23 05:49:25,554 - bot.utils.handler_registry - INFO - Total handlers registered with application: 3
2025-06-23 05:49:25,555 - bot.utils.config - INFO - Environment: DEV
2025-06-23 05:49:25,555 - bot.utils.config - INFO - Authorized users: 1
2025-06-23 05:49:25,555 - bot.utils.config - INFO - Registered commands: start, help, list
2025-06-23 05:49:25,555 - bot.utils.config - INFO - Starting Telegram bot...
2025-06-23 05:49:26,043 - httpx - INFO - HTTP Request: POST https://api.telegram.org/bot7654469359:AAG1GvNUZwUD-RQfKYP9u2gm6j0BvtqHKT4/getMe "HTTP/1.1 200 OK"
2025-06-23 05:49:26,202 - httpx - INFO - HTTP Request: POST https://api.telegram.org/bot7654469359:AAG1GvNUZwUD-RQfKYP9u2gm6j0BvtqHKT4/deleteWebhook "HTTP/1.1 200 OK"
2025-06-23 05:49:26,204 - telegram.ext.Application - INFO - Application started
2025-06-23 05:49:30,303 - httpx - INFO - HTTP Request: POST https://api.telegram.org/bot7654469359:AAG1GvNUZwUD-RQfKYP9u2gm6j0BvtqHKT4/getUpdates "HTTP/1.1 200 OK"
2025-06-23 05:49:30,304 - bot.handlers.base_handler - INFO - List command received from user Son (ID: 5005604119)
2025-06-23 05:49:30,305 - bot.services.wallet_service - INFO - Loaded 9 wallets from wallets.json
2025-06-23 05:49:30,655 - httpx - INFO - HTTP Request: POST https://api.telegram.org/bot7654469359:AAG1GvNUZwUD-RQfKYP9u2gm6j0BvtqHKT4/sendMessage "HTTP/1.1 200 OK"
2025-06-23 05:49:30,656 - bot.handlers.base_handler - INFO - List command processed for user Son, 9 wallets shown
2025-06-23 05:49:40,466 - httpx - INFO - HTTP Request: POST https://api.telegram.org/bot7654469359:AAG1GvNUZwUD-RQfKYP9u2gm6j0BvtqHKT4/getUpdates "HTTP/1.1 200 OK"
2025-06-23 05:49:50,630 - httpx - INFO - HTTP Request: POST https://api.telegram.org/bot7654469359:AAG1GvNUZwUD-RQfKYP9u2gm6j0BvtqHKT4/getUpdates "HTTP/1.1 200 OK"
2025-06-23 05:50:00,812 - httpx - INFO - HTTP Request: POST https://api.telegram.org/bot7654469359:AAG1GvNUZwUD-RQfKYP9u2gm6j0BvtqHKT4/getUpdates "HTTP/1.1 200 OK"
2025-06-23 05:50:10,974 - httpx - INFO - HTTP Request: POST https://api.telegram.org/bot7654469359:AAG1GvNUZwUD-RQfKYP9u2gm6j0BvtqHKT4/getUpdates "HTTP/1.1 200 OK"
2025-06-23 05:50:21,137 - httpx - INFO - HTTP Request: POST https://api.telegram.org/bot7654469359:AAG1GvNUZwUD-RQfKYP9u2gm6j0BvtqHKT4/getUpdates "HTTP/1.1 200 OK"
2025-06-23 05:50:31,298 - httpx - INFO - HTTP Request: POST https://api.telegram.org/bot7654469359:AAG1GvNUZwUD-RQfKYP9u2gm6j0BvtqHKT4/getUpdates "HTTP/1.1 200 OK"
2025-06-23 05:50:41,459 - httpx - INFO - HTTP Request: POST https://api.telegram.org/bot7654469359:AAG1GvNUZwUD-RQfKYP9u2gm6j0BvtqHKT4/getUpdates "HTTP/1.1 200 OK"
2025-06-23 05:50:51,629 - httpx - INFO - HTTP Request: POST https://api.telegram.org/bot7654469359:AAG1GvNUZwUD-RQfKYP9u2gm6j0BvtqHKT4/getUpdates "HTTP/1.1 200 OK"
2025-06-23 05:51:01,791 - httpx - INFO - HTTP Request: POST https://api.telegram.org/bot7654469359:AAG1GvNUZwUD-RQfKYP9u2gm6j0BvtqHKT4/getUpdates "HTTP/1.1 200 OK"
2025-06-23 05:51:11,952 - httpx - INFO - HTTP Request: POST https://api.telegram.org/bot7654469359:AAG1GvNUZwUD-RQfKYP9u2gm6j0BvtqHKT4/getUpdates "HTTP/1.1 200 OK"
2025-06-23 05:51:22,113 - httpx - INFO - HTTP Request: POST https://api.telegram.org/bot7654469359:AAG1GvNUZwUD-RQfKYP9u2gm6j0BvtqHKT4/getUpdates "HTTP/1.1 200 OK"
2025-06-23 05:51:25,953 - httpx - INFO - HTTP Request: POST https://api.telegram.org/bot7654469359:AAG1GvNUZwUD-RQfKYP9u2gm6j0BvtqHKT4/getUpdates "HTTP/1.1 200 OK"
2025-06-23 05:51:25,954 - telegram.ext.Application - INFO - Application is stopping. This might take a moment.
2025-06-23 05:51:25,954 - telegram.ext.Application - INFO - Application.stop() complete
2025-06-23 05:53:14,387 - bot.utils.config - INFO - Configuration validated successfully
2025-06-23 05:53:14,387 - bot.utils.handler_registry - INFO - Registered handler for command: /start
2025-06-23 05:53:14,388 - bot.utils.handler_registry - INFO - Registered handler for command: /help
2025-06-23 05:53:14,388 - bot.utils.handler_registry - INFO - Registered handler for command: /list
2025-06-23 05:53:14,388 - bot.utils.handler_registry - INFO - Registered handler for command: /add
2025-06-23 05:53:14,388 - bot.utils.config - INFO - Command handlers setup completed
2025-06-23 05:53:14,456 - bot.utils.handler_registry - INFO - Added Telegram handler for /start
2025-06-23 05:53:14,457 - bot.utils.handler_registry - INFO - Added Telegram handler for /help
2025-06-23 05:53:14,458 - bot.utils.handler_registry - INFO - Added Telegram handler for /list
2025-06-23 05:53:14,458 - bot.utils.handler_registry - INFO - Added Telegram handler for /add
2025-06-23 05:53:14,458 - bot.utils.handler_registry - INFO - Total handlers registered with application: 4
2025-06-23 05:53:14,459 - bot.utils.config - INFO - Environment: DEV
2025-06-23 05:53:14,459 - bot.utils.config - INFO - Authorized users: 1
2025-06-23 05:53:14,459 - bot.utils.config - INFO - Registered commands: start, help, list, add
2025-06-23 05:53:14,460 - bot.utils.config - INFO - Starting Telegram bot...
2025-06-23 05:53:14,967 - httpx - INFO - HTTP Request: POST https://api.telegram.org/bot7654469359:AAG1GvNUZwUD-RQfKYP9u2gm6j0BvtqHKT4/getMe "HTTP/1.1 200 OK"
2025-06-23 05:53:15,126 - httpx - INFO - HTTP Request: POST https://api.telegram.org/bot7654469359:AAG1GvNUZwUD-RQfKYP9u2gm6j0BvtqHKT4/deleteWebhook "HTTP/1.1 200 OK"
2025-06-23 05:53:15,128 - telegram.ext.Application - INFO - Application started
2025-06-23 05:53:23,368 - httpx - INFO - HTTP Request: POST https://api.telegram.org/bot7654469359:AAG1GvNUZwUD-RQfKYP9u2gm6j0BvtqHKT4/getUpdates "HTTP/1.1 200 OK"
2025-06-23 05:53:23,370 - bot.handlers.base_handler - INFO - Add command received from user Son (ID: 5005604119)
2025-06-23 05:53:23,370 - bot.services.wallet_service - INFO - Loaded 9 wallets from wallets.json
2025-06-23 05:53:23,371 - bot.services.wallet_service - INFO - Saved 10 wallets to wallets.json
2025-06-23 05:53:24,034 - httpx - INFO - HTTP Request: POST https://api.telegram.org/bot7654469359:AAG1GvNUZwUD-RQfKYP9u2gm6j0BvtqHKT4/sendMessage "HTTP/1.1 200 OK"
2025-06-23 05:53:24,034 - bot.handlers.base_handler - INFO - Wallet 'KZP TEST1' added successfully by user Son
2025-06-23 05:53:27,744 - httpx - INFO - HTTP Request: POST https://api.telegram.org/bot7654469359:AAG1GvNUZwUD-RQfKYP9u2gm6j0BvtqHKT4/getUpdates "HTTP/1.1 200 OK"
2025-06-23 05:53:27,745 - bot.handlers.base_handler - INFO - List command received from user Son (ID: 5005604119)
2025-06-23 05:53:27,746 - bot.services.wallet_service - INFO - Loaded 10 wallets from wallets.json
2025-06-23 05:53:28,094 - httpx - INFO - HTTP Request: POST https://api.telegram.org/bot7654469359:AAG1GvNUZwUD-RQfKYP9u2gm6j0BvtqHKT4/sendMessage "HTTP/1.1 200 OK"
2025-06-23 05:53:28,096 - bot.handlers.base_handler - INFO - List command processed for user Son, 10 wallets shown
2025-06-23 05:53:36,103 - httpx - INFO - HTTP Request: POST https://api.telegram.org/bot7654469359:AAG1GvNUZwUD-RQfKYP9u2gm6j0BvtqHKT4/getUpdates "HTTP/1.1 200 OK"
2025-06-23 05:53:36,104 - bot.handlers.base_handler - INFO - Add command received from user Son (ID: 5005604119)
2025-06-23 05:53:36,780 - httpx - INFO - HTTP Request: POST https://api.telegram.org/bot7654469359:AAG1GvNUZwUD-RQfKYP9u2gm6j0BvtqHKT4/sendMessage "HTTP/1.1 200 OK"
2025-06-23 05:53:45,322 - httpx - INFO - HTTP Request: POST https://api.telegram.org/bot7654469359:AAG1GvNUZwUD-RQfKYP9u2gm6j0BvtqHKT4/getUpdates "HTTP/1.1 200 OK"
2025-06-23 05:53:45,323 - bot.handlers.base_handler - INFO - Add command received from user Son (ID: 5005604119)
2025-06-23 05:53:46,056 - httpx - INFO - HTTP Request: POST https://api.telegram.org/bot7654469359:AAG1GvNUZwUD-RQfKYP9u2gm6j0BvtqHKT4/sendMessage "HTTP/1.1 200 OK"
2025-06-23 05:53:46,057 - bot.handlers.base_handler - WARNING - Add command failed for user Son:  Expected 3 quoted arguments, found 0
2025-06-23 05:53:52,453 - httpx - INFO - HTTP Request: POST https://api.telegram.org/bot7654469359:AAG1GvNUZwUD-RQfKYP9u2gm6j0BvtqHKT4/getUpdates "HTTP/1.1 200 OK"
2025-06-23 05:53:52,455 - bot.handlers.base_handler - INFO - Add command received from user Son (ID: 5005604119)
2025-06-23 05:53:53,114 - httpx - INFO - HTTP Request: POST https://api.telegram.org/bot7654469359:AAG1GvNUZwUD-RQfKYP9u2gm6j0BvtqHKT4/sendMessage "HTTP/1.1 200 OK"
2025-06-23 05:53:53,115 - bot.handlers.base_handler - WARNING - Add command failed for user Son:  Expected 3 quoted arguments, found 2
2025-06-23 05:54:02,664 - httpx - INFO - HTTP Request: POST https://api.telegram.org/bot7654469359:AAG1GvNUZwUD-RQfKYP9u2gm6j0BvtqHKT4/getUpdates "HTTP/1.1 200 OK"
2025-06-23 05:54:08,148 - httpx - INFO - HTTP Request: POST https://api.telegram.org/bot7654469359:AAG1GvNUZwUD-RQfKYP9u2gm6j0BvtqHKT4/getUpdates "HTTP/1.1 200 OK"
2025-06-23 05:54:08,150 - bot.handlers.base_handler - INFO - Add command received from user Son (ID: 5005604119)
2025-06-23 05:54:08,810 - httpx - INFO - HTTP Request: POST https://api.telegram.org/bot7654469359:AAG1GvNUZwUD-RQfKYP9u2gm6j0BvtqHKT4/sendMessage "HTTP/1.1 200 OK"
2025-06-23 05:54:08,811 - bot.handlers.base_handler - WARNING - Add command failed for user Son:  Expected 3 quoted arguments, found 4
2025-06-23 05:54:15,343 - httpx - INFO - HTTP Request: POST https://api.telegram.org/bot7654469359:AAG1GvNUZwUD-RQfKYP9u2gm6j0BvtqHKT4/getUpdates "HTTP/1.1 200 OK"
2025-06-23 05:54:15,345 - bot.handlers.base_handler - INFO - Add command received from user Son (ID: 5005604119)
2025-06-23 05:54:16,015 - httpx - INFO - HTTP Request: POST https://api.telegram.org/bot7654469359:AAG1GvNUZwUD-RQfKYP9u2gm6j0BvtqHKT4/sendMessage "HTTP/1.1 200 OK"
2025-06-23 05:54:16,016 - bot.handlers.base_handler - WARNING - Add command failed for user Son:  Company cannot be empty
2025-06-23 05:54:21,470 - httpx - INFO - HTTP Request: POST https://api.telegram.org/bot7654469359:AAG1GvNUZwUD-RQfKYP9u2gm6j0BvtqHKT4/getUpdates "HTTP/1.1 200 OK"
2025-06-23 05:54:21,471 - bot.handlers.base_handler - INFO - Add command received from user Son (ID: 5005604119)
2025-06-23 05:54:22,135 - httpx - INFO - HTTP Request: POST https://api.telegram.org/bot7654469359:AAG1GvNUZwUD-RQfKYP9u2gm6j0BvtqHKT4/sendMessage "HTTP/1.1 200 OK"
2025-06-23 05:54:22,136 - bot.handlers.base_handler - WARNING - Add wallet failed for user Son:  Invalid TRC20 address. Address must start with 'T' and be 34 characters long.
2025-06-23 05:54:31,632 - httpx - INFO - HTTP Request: POST https://api.telegram.org/bot7654469359:AAG1GvNUZwUD-RQfKYP9u2gm6j0BvtqHKT4/getUpdates "HTTP/1.1 200 OK"
2025-06-23 05:54:41,792 - httpx - INFO - HTTP Request: POST https://api.telegram.org/bot7654469359:AAG1GvNUZwUD-RQfKYP9u2gm6j0BvtqHKT4/getUpdates "HTTP/1.1 200 OK"
2025-06-23 05:54:51,953 - httpx - INFO - HTTP Request: POST https://api.telegram.org/bot7654469359:AAG1GvNUZwUD-RQfKYP9u2gm6j0BvtqHKT4/getUpdates "HTTP/1.1 200 OK"
2025-06-23 05:55:02,118 - httpx - INFO - HTTP Request: POST https://api.telegram.org/bot7654469359:AAG1GvNUZwUD-RQfKYP9u2gm6j0BvtqHKT4/getUpdates "HTTP/1.1 200 OK"
2025-06-23 05:55:12,279 - httpx - INFO - HTTP Request: POST https://api.telegram.org/bot7654469359:AAG1GvNUZwUD-RQfKYP9u2gm6j0BvtqHKT4/getUpdates "HTTP/1.1 200 OK"
2025-06-23 05:55:22,442 - httpx - INFO - HTTP Request: POST https://api.telegram.org/bot7654469359:AAG1GvNUZwUD-RQfKYP9u2gm6j0BvtqHKT4/getUpdates "HTTP/1.1 200 OK"
2025-06-23 05:55:32,604 - httpx - INFO - HTTP Request: POST https://api.telegram.org/bot7654469359:AAG1GvNUZwUD-RQfKYP9u2gm6j0BvtqHKT4/getUpdates "HTTP/1.1 200 OK"
2025-06-23 05:55:37,142 - httpx - INFO - HTTP Request: POST https://api.telegram.org/bot7654469359:AAG1GvNUZwUD-RQfKYP9u2gm6j0BvtqHKT4/getUpdates "HTTP/1.1 200 OK"
2025-06-23 05:55:37,143 - telegram.ext.Application - INFO - Application is stopping. This might take a moment.
2025-06-23 05:55:37,143 - telegram.ext.Application - INFO - Application.stop() complete
